<?xml version='1.0' encoding='UTF-8'?>
<testsuite hostname="RPRJ-HP-NOTE" name="generalFunctions.InitialListsSuite" tests="6" errors="0" failures="0" skipped="0" time="0.2" timestamp="2021-05-09T17:18:44">
                     <properties>
[...]
</properties>
                     <testcase classname="generalFunctions.InitialListsSuite" name="one plus two is three (0pts)?" time="0.183">
                                                 
                                               </testcase><testcase classname="generalFunctions.InitialListsSuite" name="max of a few numbers (10pts)" time="0.012">
                                                 
                                               </testcase><testcase classname="generalFunctions.InitialListsSuite" name="intNotZero throws an exception if its argument is 0" time="0.002">
                                                 
                                               </testcase><testcase classname="generalFunctions.InitialListsSuite" name="details why one plus one is not three (0pts)" time="0.001">
                                                 
                                               </testcase><testcase classname="generalFunctions.InitialListsSuite" name="sum of a few numbers (10pts)" time="0.001">
                                                 
                                               </testcase><testcase classname="generalFunctions.InitialListsSuite" name="one plus one is two (0pts)" time="0.001">
                                                 
                                               </testcase>
                     <system-out><![CDATA[]]></system-out>
                     <system-err><![CDATA[]]></system-err>
                   </testsuite>